[debug] [2023-11-18T12:02:03.096Z] ----------------------------------------------------------------------
[debug] [2023-11-18T12:02:03.097Z] Command:       /Users/bkeane/.nvm/versions/node/v18.16.0/bin/node /Users/bkeane/.nvm/versions/node/v18.16.0/bin/firebase emulators:start
[debug] [2023-11-18T12:02:03.097Z] CLI Version:   12.9.1
[debug] [2023-11-18T12:02:03.097Z] Platform:      darwin
[debug] [2023-11-18T12:02:03.097Z] Node Version:  v18.16.0
[debug] [2023-11-18T12:02:03.098Z] Time:          Sat Nov 18 2023 12:02:03 GMT+0000 (Greenwich Mean Time)
[debug] [2023-11-18T12:02:03.099Z] ----------------------------------------------------------------------
[debug] 
[debug] [2023-11-18T12:02:03.177Z] > command requires scopes: ["email","openid","https://www.googleapis.com/auth/cloudplatformprojects.readonly","https://www.googleapis.com/auth/firebase","https://www.googleapis.com/auth/cloud-platform"]
[debug] [2023-11-18T12:02:03.177Z] > authorizing via signed-in user (bryankeane0@gmail.com)
[debug] [2023-11-18T12:02:03.425Z] openjdk version "11.0.20.1" 2023-08-24
[debug] [2023-11-18T12:02:03.425Z] 
OpenJDK Runtime Environment Homebrew (build 11.0.20.1+0)
OpenJDK 64-Bit Server VM Homebrew (build 11.0.20.1+0, mixed mode)

[debug] [2023-11-18T12:02:03.428Z] Parsed Java major version: 11
[info] i  emulators: Starting emulators: firestore, hosting {"metadata":{"emulator":{"name":"hub"},"message":"Starting emulators: firestore, hosting"}}
[debug] [2023-11-18T12:02:04.769Z] [logging] Logging Emulator only supports listening on one address (127.0.0.1). Not listening on ::1
[debug] [2023-11-18T12:02:04.769Z] [firestore] Firestore Emulator only supports listening on one address (127.0.0.1). Not listening on ::1
[debug] [2023-11-18T12:02:04.769Z] [firestore.websocket] websocket server for firestore only supports listening on one address (127.0.0.1). Not listening on ::1
[warn] ⚠  hosting: Hosting Emulator unable to start on port 5000, starting on 5002 instead. {"metadata":{"emulator":{"name":"hosting"},"message":"Hosting Emulator unable to start on port 5000, starting on 5002 instead."}}
[debug] [2023-11-18T12:02:04.769Z] [hosting] Hosting Emulator only supports listening on one address (127.0.0.1). Not listening on ::1
[debug] [2023-11-18T12:02:04.769Z] assigned listening specs for emulators {"user":{"hub":[{"address":"127.0.0.1","family":"IPv4","port":4400},{"address":"::1","family":"IPv6","port":4400}],"ui":[{"address":"127.0.0.1","family":"IPv4","port":4000},{"address":"::1","family":"IPv6","port":4000}],"logging":[{"address":"127.0.0.1","family":"IPv4","port":4500}],"firestore":[{"address":"127.0.0.1","family":"IPv4","port":8080}],"firestore.websocket":[{"address":"127.0.0.1","family":"IPv4","port":9150}],"hosting":[{"address":"127.0.0.1","family":"IPv4","port":5002}]},"metadata":{"message":"assigned listening specs for emulators"}}
[debug] [2023-11-18T12:02:04.775Z] [hub] writing locator at /var/folders/c7/l1dfp6sj0_s05w5btdhxmz3w0000gp/T/hub-coachubapp.json
[info] i  firestore: downloading cloud-firestore-emulator-v1.18.2.jar... {"metadata":{"emulator":{"name":"firestore"},"message":"downloading cloud-firestore-emulator-v1.18.2.jar..."}}
[debug] [2023-11-18T12:02:04.782Z] >>> [apiv2][query] GET https://storage.googleapis.com/firebase-preview-drop/emulator/cloud-firestore-emulator-v1.18.2.jar 
[debug] [2023-11-18T12:02:05.048Z] <<< [apiv2][status] GET https://storage.googleapis.com/firebase-preview-drop/emulator/cloud-firestore-emulator-v1.18.2.jar 200
[debug] [2023-11-18T12:02:05.049Z] <<< [apiv2][body] GET https://storage.googleapis.com/firebase-preview-drop/emulator/cloud-firestore-emulator-v1.18.2.jar [stream]
[debug] [2023-11-18T12:02:07.394Z] Ignoring unsupported arg: auto_download {"metadata":{"emulator":{"name":"firestore"},"message":"Ignoring unsupported arg: auto_download"}}
[debug] [2023-11-18T12:02:07.394Z] Ignoring unsupported arg: single_project_mode_error {"metadata":{"emulator":{"name":"firestore"},"message":"Ignoring unsupported arg: single_project_mode_error"}}
[debug] [2023-11-18T12:02:07.394Z] Starting Firestore Emulator with command {"binary":"java","args":["-Dgoogle.cloud_firestore.debug_log_level=FINE","-Duser.language=en","-jar","/Users/bkeane/.cache/firebase/emulators/cloud-firestore-emulator-v1.18.2.jar","--host","127.0.0.1","--port",8080,"--websocket_port",9150,"--project_id","coachubapp","--rules","/Users/bkeane/coachub-repositories/coachub/firestore.rules","--single_project_mode",true],"optionalArgs":["port","webchannel_port","host","rules","websocket_port","functions_emulator","seed_from_export","project_id","single_project_mode"],"joinArgs":false} {"metadata":{"emulator":{"name":"firestore"},"message":"Starting Firestore Emulator with command {\"binary\":\"java\",\"args\":[\"-Dgoogle.cloud_firestore.debug_log_level=FINE\",\"-Duser.language=en\",\"-jar\",\"/Users/bkeane/.cache/firebase/emulators/cloud-firestore-emulator-v1.18.2.jar\",\"--host\",\"127.0.0.1\",\"--port\",8080,\"--websocket_port\",9150,\"--project_id\",\"coachubapp\",\"--rules\",\"/Users/bkeane/coachub-repositories/coachub/firestore.rules\",\"--single_project_mode\",true],\"optionalArgs\":[\"port\",\"webchannel_port\",\"host\",\"rules\",\"websocket_port\",\"functions_emulator\",\"seed_from_export\",\"project_id\",\"single_project_mode\"],\"joinArgs\":false}"}}
[info] i  firestore: Firestore Emulator logging to firestore-debug.log {"metadata":{"emulator":{"name":"firestore"},"message":"Firestore Emulator logging to \u001b[1mfirestore-debug.log\u001b[22m"}}
[debug] [2023-11-18T12:02:08.207Z] Nov 18, 2023 12:02:08 P.M. com.google.cloud.datastore.emulator.firestore.websocket.WebSocketServer start
INFO: Started WebSocket server on ws://127.0.0.1:9150
 {"metadata":{"emulator":{"name":"firestore"},"message":"Nov 18, 2023 12:02:08 P.M. com.google.cloud.datastore.emulator.firestore.websocket.WebSocketServer start\nINFO: Started WebSocket server on ws://127.0.0.1:9150\n"}}
[debug] [2023-11-18T12:02:08.221Z] API endpoint: http:// {"metadata":{"emulator":{"name":"firestore"},"message":"API endpoint: http://"}}
[debug] [2023-11-18T12:02:08.221Z] 127.0.0.1:8080
If you are using a library that supports the FIRESTORE_EMULATOR_HOST environment variable, run:

   export FIRESTORE_EMULATOR_HOST=127.0.0.1:8080

Dev App Server is now running.

 {"metadata":{"emulator":{"name":"firestore"},"message":"127.0.0.1:8080\nIf you are using a library that supports the FIRESTORE_EMULATOR_HOST environment variable, run:\n\n   export FIRESTORE_EMULATOR_HOST=127.0.0.1:8080\n\nDev App Server is now running.\n\n"}}
[info] ✔  firestore: Firestore Emulator UI websocket is running on 9150. {"metadata":{"emulator":{"name":"firestore"},"message":"Firestore Emulator UI websocket is running on 9150."}}
[debug] [2023-11-18T12:02:08.411Z] >>> [apiv2][query] GET https://firebasehosting.googleapis.com/v1beta1/projects/coachubapp/sites 
[debug] [2023-11-18T12:02:09.298Z] <<< [apiv2][status] GET https://firebasehosting.googleapis.com/v1beta1/projects/coachubapp/sites 200
[debug] [2023-11-18T12:02:09.298Z] <<< [apiv2][body] GET https://firebasehosting.googleapis.com/v1beta1/projects/coachubapp/sites {"sites":[{"name":"projects/coachubapp/sites/coachubapp","defaultUrl":"https://coachubapp.web.app","appId":"1:380863235771:web:c102f59918cd2dbd5d4b9e","type":"DEFAULT_SITE"}]}
[debug] [2023-11-18T12:02:09.298Z] >>> [apiv2][query] GET https://firebase.googleapis.com/v1beta1/projects/coachubapp/webApps/1:380863235771:web:c102f59918cd2dbd5d4b9e/config [none]
[debug] [2023-11-18T12:02:09.973Z] <<< [apiv2][status] GET https://firebase.googleapis.com/v1beta1/projects/coachubapp/webApps/1:380863235771:web:c102f59918cd2dbd5d4b9e/config 200
[debug] [2023-11-18T12:02:09.973Z] <<< [apiv2][body] GET https://firebase.googleapis.com/v1beta1/projects/coachubapp/webApps/1:380863235771:web:c102f59918cd2dbd5d4b9e/config {"projectId":"coachubapp","appId":"1:380863235771:web:c102f59918cd2dbd5d4b9e","storageBucket":"coachubapp.appspot.com","apiKey":"AIzaSyBNWvfbO_FvhCXCJrq7yy5GDdoZ0TISo28","authDomain":"coachubapp.firebaseapp.com","messagingSenderId":"380863235771","measurementId":"G-QB0M1GWLMX"}
[debug] [2023-11-18T12:02:09.985Z] >>> [apiv2][query] GET https://firebase.googleapis.com/v1beta1/projects/coachubapp [none]
[debug] [2023-11-18T12:02:10.215Z] <<< [apiv2][status] GET https://firebase.googleapis.com/v1beta1/projects/coachubapp 200
[debug] [2023-11-18T12:02:10.215Z] <<< [apiv2][body] GET https://firebase.googleapis.com/v1beta1/projects/coachubapp {"projectId":"coachubapp","projectNumber":"380863235771","displayName":"Coachub","name":"projects/coachubapp","resources":{"hostingSite":"coachubapp"},"state":"ACTIVE","etag":"1_3a46af4b-f14e-40a4-b354-6ac297bf6bc1"}
[info] i  hosting[coachubapp]: Serving hosting files from: public {"metadata":{"emulator":{"name":"hosting"},"message":"Serving hosting files from: \u001b[1mpublic\u001b[22m"}}
[info] ✔  hosting[coachubapp]: Local server: http://127.0.0.1:5002 {"metadata":{"emulator":{"name":"hosting"},"message":"Local server: \u001b[4m\u001b[1mhttp://127.0.0.1:5002\u001b[22m\u001b[24m"}}
[info] i  ui: downloading ui-v1.11.7.zip... {"metadata":{"emulator":{"name":"ui"},"message":"downloading ui-v1.11.7.zip..."}}
[debug] [2023-11-18T12:02:10.347Z] >>> [apiv2][query] GET https://storage.googleapis.com/firebase-preview-drop/emulator/ui-v1.11.7.zip 
[debug] [2023-11-18T12:02:10.555Z] <<< [apiv2][status] GET https://storage.googleapis.com/firebase-preview-drop/emulator/ui-v1.11.7.zip 200
[debug] [2023-11-18T12:02:10.555Z] <<< [apiv2][body] GET https://storage.googleapis.com/firebase-preview-drop/emulator/ui-v1.11.7.zip [stream]
[debug] [2023-11-18T12:02:10.667Z] Data is 3064105
[debug] [2023-11-18T12:02:10.667Z] [unzip] Entry: client/ (compressed_size=0 bytes, uncompressed_size=0 bytes)
[debug] [2023-11-18T12:02:10.667Z] [unzip] Processing entry: client/
[debug] [2023-11-18T12:02:10.667Z] [unzip] mkdir: /Users/bkeane/.cache/firebase/emulators/ui-v1.11.7/client/
[debug] [2023-11-18T12:02:10.668Z] [unzip] Entry: client/favicon.ico (compressed_size=2497 bytes, uncompressed_size=7406 bytes)
[debug] [2023-11-18T12:02:10.668Z] [unzip] Processing entry: client/favicon.ico
[debug] [2023-11-18T12:02:10.668Z] [unzip] else mkdir: /Users/bkeane/.cache/firebase/emulators/ui-v1.11.7/client
[debug] [2023-11-18T12:02:10.668Z] [unzip] deflating: /Users/bkeane/.cache/firebase/emulators/ui-v1.11.7/client/favicon.ico
[debug] [2023-11-18T12:02:10.671Z] [unzip] Entry: client/apple-touch-icon.png (compressed_size=7231 bytes, uncompressed_size=7367 bytes)
[debug] [2023-11-18T12:02:10.671Z] [unzip] Processing entry: client/apple-touch-icon.png
[debug] [2023-11-18T12:02:10.671Z] [unzip] else mkdir: /Users/bkeane/.cache/firebase/emulators/ui-v1.11.7/client
[debug] [2023-11-18T12:02:10.671Z] [unzip] deflating: /Users/bkeane/.cache/firebase/emulators/ui-v1.11.7/client/apple-touch-icon.png
[debug] [2023-11-18T12:02:10.672Z] [unzip] Entry: client/android-chrome-512x512.png (compressed_size=16987 bytes, uncompressed_size=18186 bytes)
[debug] [2023-11-18T12:02:10.672Z] [unzip] Processing entry: client/android-chrome-512x512.png
[debug] [2023-11-18T12:02:10.672Z] [unzip] else mkdir: /Users/bkeane/.cache/firebase/emulators/ui-v1.11.7/client
[debug] [2023-11-18T12:02:10.672Z] [unzip] deflating: /Users/bkeane/.cache/firebase/emulators/ui-v1.11.7/client/android-chrome-512x512.png
[debug] [2023-11-18T12:02:10.673Z] [unzip] Entry: client/assets/ (compressed_size=0 bytes, uncompressed_size=0 bytes)
[debug] [2023-11-18T12:02:10.673Z] [unzip] Processing entry: client/assets/
[debug] [2023-11-18T12:02:10.673Z] [unzip] mkdir: /Users/bkeane/.cache/firebase/emulators/ui-v1.11.7/client/assets/
[debug] [2023-11-18T12:02:10.674Z] [unzip] Entry: client/assets/extensions/ (compressed_size=0 bytes, uncompressed_size=0 bytes)
[debug] [2023-11-18T12:02:10.674Z] [unzip] Processing entry: client/assets/extensions/
[debug] [2023-11-18T12:02:10.674Z] [unzip] mkdir: /Users/bkeane/.cache/firebase/emulators/ui-v1.11.7/client/assets/extensions/
[debug] [2023-11-18T12:02:10.674Z] [unzip] Entry: client/assets/extensions/default-extension.png (compressed_size=1646 bytes, uncompressed_size=1657 bytes)
[debug] [2023-11-18T12:02:10.674Z] [unzip] Processing entry: client/assets/extensions/default-extension.png
[debug] [2023-11-18T12:02:10.674Z] [unzip] else mkdir: /Users/bkeane/.cache/firebase/emulators/ui-v1.11.7/client/assets/extensions
[debug] [2023-11-18T12:02:10.674Z] [unzip] deflating: /Users/bkeane/.cache/firebase/emulators/ui-v1.11.7/client/assets/extensions/default-extension.png
[debug] [2023-11-18T12:02:10.675Z] [unzip] Entry: client/assets/index.58ca09f7.css (compressed_size=37601 bytes, uncompressed_size=321252 bytes)
[debug] [2023-11-18T12:02:10.675Z] [unzip] Processing entry: client/assets/index.58ca09f7.css
[debug] [2023-11-18T12:02:10.675Z] [unzip] else mkdir: /Users/bkeane/.cache/firebase/emulators/ui-v1.11.7/client/assets
[debug] [2023-11-18T12:02:10.675Z] [unzip] deflating: /Users/bkeane/.cache/firebase/emulators/ui-v1.11.7/client/assets/index.58ca09f7.css
[debug] [2023-11-18T12:02:10.681Z] [unzip] Entry: client/assets/index.c2583d42.js (compressed_size=526232 bytes, uncompressed_size=1860152 bytes)
[debug] [2023-11-18T12:02:10.681Z] [unzip] Processing entry: client/assets/index.c2583d42.js
[debug] [2023-11-18T12:02:10.681Z] [unzip] else mkdir: /Users/bkeane/.cache/firebase/emulators/ui-v1.11.7/client/assets
[debug] [2023-11-18T12:02:10.682Z] [unzip] deflating: /Users/bkeane/.cache/firebase/emulators/ui-v1.11.7/client/assets/index.c2583d42.js
[debug] [2023-11-18T12:02:10.690Z] [unzip] Entry: client/assets/provider-icons/ (compressed_size=0 bytes, uncompressed_size=0 bytes)
[debug] [2023-11-18T12:02:10.690Z] [unzip] Processing entry: client/assets/provider-icons/
[debug] [2023-11-18T12:02:10.690Z] [unzip] mkdir: /Users/bkeane/.cache/firebase/emulators/ui-v1.11.7/client/assets/provider-icons/
[debug] [2023-11-18T12:02:10.690Z] [unzip] Entry: client/assets/provider-icons/auth_service_oidc.svg (compressed_size=414 bytes, uncompressed_size=858 bytes)
[debug] [2023-11-18T12:02:10.690Z] [unzip] Processing entry: client/assets/provider-icons/auth_service_oidc.svg
[debug] [2023-11-18T12:02:10.690Z] [unzip] else mkdir: /Users/bkeane/.cache/firebase/emulators/ui-v1.11.7/client/assets/provider-icons
[debug] [2023-11-18T12:02:10.690Z] [unzip] deflating: /Users/bkeane/.cache/firebase/emulators/ui-v1.11.7/client/assets/provider-icons/auth_service_oidc.svg
[debug] [2023-11-18T12:02:10.690Z] [unzip] Entry: client/assets/provider-icons/auth_service_yahoo.svg (compressed_size=577 bytes, uncompressed_size=1182 bytes)
[debug] [2023-11-18T12:02:10.691Z] [unzip] Processing entry: client/assets/provider-icons/auth_service_yahoo.svg
[debug] [2023-11-18T12:02:10.691Z] [unzip] else mkdir: /Users/bkeane/.cache/firebase/emulators/ui-v1.11.7/client/assets/provider-icons
[debug] [2023-11-18T12:02:10.691Z] [unzip] deflating: /Users/bkeane/.cache/firebase/emulators/ui-v1.11.7/client/assets/provider-icons/auth_service_yahoo.svg
[debug] [2023-11-18T12:02:10.691Z] [unzip] Entry: client/assets/provider-icons/auth_service_phone.svg (compressed_size=261 bytes, uncompressed_size=414 bytes)
[debug] [2023-11-18T12:02:10.691Z] [unzip] Processing entry: client/assets/provider-icons/auth_service_phone.svg
[debug] [2023-11-18T12:02:10.691Z] [unzip] else mkdir: /Users/bkeane/.cache/firebase/emulators/ui-v1.11.7/client/assets/provider-icons
[debug] [2023-11-18T12:02:10.691Z] [unzip] deflating: /Users/bkeane/.cache/firebase/emulators/ui-v1.11.7/client/assets/provider-icons/auth_service_phone.svg
[debug] [2023-11-18T12:02:10.692Z] [unzip] Entry: client/assets/provider-icons/auth_service_saml.svg (compressed_size=575 bytes, uncompressed_size=1226 bytes)
[debug] [2023-11-18T12:02:10.692Z] [unzip] Processing entry: client/assets/provider-icons/auth_service_saml.svg
[debug] [2023-11-18T12:02:10.692Z] [unzip] else mkdir: /Users/bkeane/.cache/firebase/emulators/ui-v1.11.7/client/assets/provider-icons
[debug] [2023-11-18T12:02:10.692Z] [unzip] deflating: /Users/bkeane/.cache/firebase/emulators/ui-v1.11.7/client/assets/provider-icons/auth_service_saml.svg
[debug] [2023-11-18T12:02:10.692Z] [unzip] Entry: client/assets/provider-icons/auth_service_mslive.svg (compressed_size=203 bytes, uncompressed_size=378 bytes)
[debug] [2023-11-18T12:02:10.692Z] [unzip] Processing entry: client/assets/provider-icons/auth_service_mslive.svg
[debug] [2023-11-18T12:02:10.692Z] [unzip] else mkdir: /Users/bkeane/.cache/firebase/emulators/ui-v1.11.7/client/assets/provider-icons
[debug] [2023-11-18T12:02:10.692Z] [unzip] deflating: /Users/bkeane/.cache/firebase/emulators/ui-v1.11.7/client/assets/provider-icons/auth_service_mslive.svg
[debug] [2023-11-18T12:02:10.693Z] [unzip] Entry: client/assets/provider-icons/auth_service_facebook.svg (compressed_size=289 bytes, uncompressed_size=457 bytes)
[debug] [2023-11-18T12:02:10.693Z] [unzip] Processing entry: client/assets/provider-icons/auth_service_facebook.svg
[debug] [2023-11-18T12:02:10.693Z] [unzip] else mkdir: /Users/bkeane/.cache/firebase/emulators/ui-v1.11.7/client/assets/provider-icons
[debug] [2023-11-18T12:02:10.693Z] [unzip] deflating: /Users/bkeane/.cache/firebase/emulators/ui-v1.11.7/client/assets/provider-icons/auth_service_facebook.svg
[debug] [2023-11-18T12:02:10.693Z] [unzip] Entry: client/assets/provider-icons/auth_service_play_games.svg (compressed_size=565 bytes, uncompressed_size=1173 bytes)
[debug] [2023-11-18T12:02:10.693Z] [unzip] Processing entry: client/assets/provider-icons/auth_service_play_games.svg
[debug] [2023-11-18T12:02:10.693Z] [unzip] else mkdir: /Users/bkeane/.cache/firebase/emulators/ui-v1.11.7/client/assets/provider-icons
[debug] [2023-11-18T12:02:10.694Z] [unzip] deflating: /Users/bkeane/.cache/firebase/emulators/ui-v1.11.7/client/assets/provider-icons/auth_service_play_games.svg
[debug] [2023-11-18T12:02:10.694Z] [unzip] Entry: client/assets/provider-icons/auth_service_github.svg (compressed_size=466 bytes, uncompressed_size=838 bytes)
[debug] [2023-11-18T12:02:10.694Z] [unzip] Processing entry: client/assets/provider-icons/auth_service_github.svg
[debug] [2023-11-18T12:02:10.694Z] [unzip] else mkdir: /Users/bkeane/.cache/firebase/emulators/ui-v1.11.7/client/assets/provider-icons
[debug] [2023-11-18T12:02:10.694Z] [unzip] deflating: /Users/bkeane/.cache/firebase/emulators/ui-v1.11.7/client/assets/provider-icons/auth_service_github.svg
[debug] [2023-11-18T12:02:10.694Z] [unzip] Entry: client/assets/provider-icons/auth_service_apple.svg (compressed_size=230 bytes, uncompressed_size=334 bytes)
[debug] [2023-11-18T12:02:10.694Z] [unzip] Processing entry: client/assets/provider-icons/auth_service_apple.svg
[debug] [2023-11-18T12:02:10.694Z] [unzip] else mkdir: /Users/bkeane/.cache/firebase/emulators/ui-v1.11.7/client/assets/provider-icons
[debug] [2023-11-18T12:02:10.694Z] [unzip] deflating: /Users/bkeane/.cache/firebase/emulators/ui-v1.11.7/client/assets/provider-icons/auth_service_apple.svg
[debug] [2023-11-18T12:02:10.694Z] [unzip] Entry: client/assets/provider-icons/auth_service_google.svg (compressed_size=409 bytes, uncompressed_size=720 bytes)
[debug] [2023-11-18T12:02:10.694Z] [unzip] Processing entry: client/assets/provider-icons/auth_service_google.svg
[debug] [2023-11-18T12:02:10.694Z] [unzip] else mkdir: /Users/bkeane/.cache/firebase/emulators/ui-v1.11.7/client/assets/provider-icons
[debug] [2023-11-18T12:02:10.694Z] [unzip] deflating: /Users/bkeane/.cache/firebase/emulators/ui-v1.11.7/client/assets/provider-icons/auth_service_google.svg
[debug] [2023-11-18T12:02:10.695Z] [unzip] Entry: client/assets/provider-icons/auth_service_email.svg (compressed_size=228 bytes, uncompressed_size=326 bytes)
[debug] [2023-11-18T12:02:10.695Z] [unzip] Processing entry: client/assets/provider-icons/auth_service_email.svg
[debug] [2023-11-18T12:02:10.695Z] [unzip] else mkdir: /Users/bkeane/.cache/firebase/emulators/ui-v1.11.7/client/assets/provider-icons
[debug] [2023-11-18T12:02:10.695Z] [unzip] deflating: /Users/bkeane/.cache/firebase/emulators/ui-v1.11.7/client/assets/provider-icons/auth_service_email.svg
[debug] [2023-11-18T12:02:10.695Z] [unzip] Entry: client/assets/provider-icons/auth_service_twitter.svg (compressed_size=444 bytes, uncompressed_size=751 bytes)
[debug] [2023-11-18T12:02:10.695Z] [unzip] Processing entry: client/assets/provider-icons/auth_service_twitter.svg
[debug] [2023-11-18T12:02:10.695Z] [unzip] else mkdir: /Users/bkeane/.cache/firebase/emulators/ui-v1.11.7/client/assets/provider-icons
[debug] [2023-11-18T12:02:10.695Z] [unzip] deflating: /Users/bkeane/.cache/firebase/emulators/ui-v1.11.7/client/assets/provider-icons/auth_service_twitter.svg
[debug] [2023-11-18T12:02:10.695Z] [unzip] Entry: client/assets/provider-icons/auth_service_game_center.svg (compressed_size=991 bytes, uncompressed_size=3921 bytes)
[debug] [2023-11-18T12:02:10.695Z] [unzip] Processing entry: client/assets/provider-icons/auth_service_game_center.svg
[debug] [2023-11-18T12:02:10.695Z] [unzip] else mkdir: /Users/bkeane/.cache/firebase/emulators/ui-v1.11.7/client/assets/provider-icons
[debug] [2023-11-18T12:02:10.695Z] [unzip] deflating: /Users/bkeane/.cache/firebase/emulators/ui-v1.11.7/client/assets/provider-icons/auth_service_game_center.svg
[debug] [2023-11-18T12:02:10.696Z] [unzip] Entry: client/assets/index.c2583d42.js.map (compressed_size=1778557 bytes, uncompressed_size=7961927 bytes)
[debug] [2023-11-18T12:02:10.696Z] [unzip] Processing entry: client/assets/index.c2583d42.js.map
[debug] [2023-11-18T12:02:10.696Z] [unzip] else mkdir: /Users/bkeane/.cache/firebase/emulators/ui-v1.11.7/client/assets
[debug] [2023-11-18T12:02:10.696Z] [unzip] deflating: /Users/bkeane/.cache/firebase/emulators/ui-v1.11.7/client/assets/index.c2583d42.js.map
[debug] [2023-11-18T12:02:10.717Z] [unzip] Entry: client/assets/img/ (compressed_size=0 bytes, uncompressed_size=0 bytes)
[debug] [2023-11-18T12:02:10.717Z] [unzip] Processing entry: client/assets/img/
[debug] [2023-11-18T12:02:10.717Z] [unzip] mkdir: /Users/bkeane/.cache/firebase/emulators/ui-v1.11.7/client/assets/img/
[debug] [2023-11-18T12:02:10.717Z] [unzip] Entry: client/assets/img/database.png (compressed_size=29449 bytes, uncompressed_size=29988 bytes)
[debug] [2023-11-18T12:02:10.717Z] [unzip] Processing entry: client/assets/img/database.png
[debug] [2023-11-18T12:02:10.717Z] [unzip] else mkdir: /Users/bkeane/.cache/firebase/emulators/ui-v1.11.7/client/assets/img
[debug] [2023-11-18T12:02:10.717Z] [unzip] deflating: /Users/bkeane/.cache/firebase/emulators/ui-v1.11.7/client/assets/img/database.png
[debug] [2023-11-18T12:02:10.718Z] [unzip] Entry: client/safari-pinned-tab.svg (compressed_size=838 bytes, uncompressed_size=1504 bytes)
[debug] [2023-11-18T12:02:10.718Z] [unzip] Processing entry: client/safari-pinned-tab.svg
[debug] [2023-11-18T12:02:10.718Z] [unzip] else mkdir: /Users/bkeane/.cache/firebase/emulators/ui-v1.11.7/client
[debug] [2023-11-18T12:02:10.718Z] [unzip] deflating: /Users/bkeane/.cache/firebase/emulators/ui-v1.11.7/client/safari-pinned-tab.svg
[debug] [2023-11-18T12:02:10.719Z] [unzip] Entry: client/mstile-150x150.png (compressed_size=5406 bytes, uncompressed_size=5723 bytes)
[debug] [2023-11-18T12:02:10.719Z] [unzip] Processing entry: client/mstile-150x150.png
[debug] [2023-11-18T12:02:10.719Z] [unzip] else mkdir: /Users/bkeane/.cache/firebase/emulators/ui-v1.11.7/client
[debug] [2023-11-18T12:02:10.720Z] [unzip] deflating: /Users/bkeane/.cache/firebase/emulators/ui-v1.11.7/client/mstile-150x150.png
[debug] [2023-11-18T12:02:10.720Z] [unzip] Entry: client/browserconfig.xml (compressed_size=491 bytes, uncompressed_size=822 bytes)
[debug] [2023-11-18T12:02:10.720Z] [unzip] Processing entry: client/browserconfig.xml
[debug] [2023-11-18T12:02:10.720Z] [unzip] else mkdir: /Users/bkeane/.cache/firebase/emulators/ui-v1.11.7/client
[debug] [2023-11-18T12:02:10.721Z] [unzip] deflating: /Users/bkeane/.cache/firebase/emulators/ui-v1.11.7/client/browserconfig.xml
[debug] [2023-11-18T12:02:10.721Z] [unzip] Entry: client/robots.txt (compressed_size=26 bytes, uncompressed_size=26 bytes)
[debug] [2023-11-18T12:02:10.721Z] [unzip] Processing entry: client/robots.txt
[debug] [2023-11-18T12:02:10.721Z] [unzip] else mkdir: /Users/bkeane/.cache/firebase/emulators/ui-v1.11.7/client
[debug] [2023-11-18T12:02:10.721Z] [unzip] Writing file: /Users/bkeane/.cache/firebase/emulators/ui-v1.11.7/client/robots.txt
[debug] [2023-11-18T12:02:10.722Z] [unzip] Entry: client/index.html (compressed_size=1363 bytes, uncompressed_size=3064 bytes)
[debug] [2023-11-18T12:02:10.722Z] [unzip] Processing entry: client/index.html
[debug] [2023-11-18T12:02:10.722Z] [unzip] else mkdir: /Users/bkeane/.cache/firebase/emulators/ui-v1.11.7/client
[debug] [2023-11-18T12:02:10.722Z] [unzip] deflating: /Users/bkeane/.cache/firebase/emulators/ui-v1.11.7/client/index.html
[debug] [2023-11-18T12:02:10.723Z] [unzip] Entry: client/favicon-16x16.png (compressed_size=757 bytes, uncompressed_size=777 bytes)
[debug] [2023-11-18T12:02:10.723Z] [unzip] Processing entry: client/favicon-16x16.png
[debug] [2023-11-18T12:02:10.723Z] [unzip] else mkdir: /Users/bkeane/.cache/firebase/emulators/ui-v1.11.7/client
[debug] [2023-11-18T12:02:10.723Z] [unzip] deflating: /Users/bkeane/.cache/firebase/emulators/ui-v1.11.7/client/favicon-16x16.png
[debug] [2023-11-18T12:02:10.723Z] [unzip] Entry: client/manifest.json (compressed_size=246 bytes, uncompressed_size=551 bytes)
[debug] [2023-11-18T12:02:10.724Z] [unzip] Processing entry: client/manifest.json
[debug] [2023-11-18T12:02:10.724Z] [unzip] else mkdir: /Users/bkeane/.cache/firebase/emulators/ui-v1.11.7/client
[debug] [2023-11-18T12:02:10.724Z] [unzip] deflating: /Users/bkeane/.cache/firebase/emulators/ui-v1.11.7/client/manifest.json
[debug] [2023-11-18T12:02:10.724Z] [unzip] Entry: client/favicon-32x32.png (compressed_size=1175 bytes, uncompressed_size=1175 bytes)
[debug] [2023-11-18T12:02:10.724Z] [unzip] Processing entry: client/favicon-32x32.png
[debug] [2023-11-18T12:02:10.724Z] [unzip] else mkdir: /Users/bkeane/.cache/firebase/emulators/ui-v1.11.7/client
[debug] [2023-11-18T12:02:10.725Z] [unzip] Writing file: /Users/bkeane/.cache/firebase/emulators/ui-v1.11.7/client/favicon-32x32.png
[debug] [2023-11-18T12:02:10.725Z] [unzip] Entry: client/android-chrome-192x192.png (compressed_size=7602 bytes, uncompressed_size=7834 bytes)
[debug] [2023-11-18T12:02:10.725Z] [unzip] Processing entry: client/android-chrome-192x192.png
[debug] [2023-11-18T12:02:10.725Z] [unzip] else mkdir: /Users/bkeane/.cache/firebase/emulators/ui-v1.11.7/client
[debug] [2023-11-18T12:02:10.725Z] [unzip] deflating: /Users/bkeane/.cache/firebase/emulators/ui-v1.11.7/client/android-chrome-192x192.png
[debug] [2023-11-18T12:02:10.726Z] [unzip] Entry: server/ (compressed_size=0 bytes, uncompressed_size=0 bytes)
[debug] [2023-11-18T12:02:10.726Z] [unzip] Processing entry: server/
[debug] [2023-11-18T12:02:10.726Z] [unzip] mkdir: /Users/bkeane/.cache/firebase/emulators/ui-v1.11.7/server/
[debug] [2023-11-18T12:02:10.726Z] [unzip] Entry: server/server.js (compressed_size=343746 bytes, uncompressed_size=1346374 bytes)
[debug] [2023-11-18T12:02:10.726Z] [unzip] Processing entry: server/server.js
[debug] [2023-11-18T12:02:10.726Z] [unzip] else mkdir: /Users/bkeane/.cache/firebase/emulators/ui-v1.11.7/server
[debug] [2023-11-18T12:02:10.726Z] [unzip] deflating: /Users/bkeane/.cache/firebase/emulators/ui-v1.11.7/server/server.js
[debug] [2023-11-18T12:02:10.735Z] [unzip] Entry: server/server.js.map (compressed_size=289157 bytes, uncompressed_size=1325651 bytes)
[debug] [2023-11-18T12:02:10.735Z] [unzip] Processing entry: server/server.js.map
[debug] [2023-11-18T12:02:10.735Z] [unzip] else mkdir: /Users/bkeane/.cache/firebase/emulators/ui-v1.11.7/server
[debug] [2023-11-18T12:02:10.735Z] [unzip] deflating: /Users/bkeane/.cache/firebase/emulators/ui-v1.11.7/server/server.js.map
[debug] [2023-11-18T12:02:10.739Z] Ignoring unsupported arg: auto_download {"metadata":{"emulator":{"name":"ui"},"message":"Ignoring unsupported arg: auto_download"}}
[debug] [2023-11-18T12:02:10.739Z] Ignoring unsupported arg: port {"metadata":{"emulator":{"name":"ui"},"message":"Ignoring unsupported arg: port"}}
[debug] [2023-11-18T12:02:10.739Z] Starting Emulator UI with command {"binary":"node","args":["/Users/bkeane/.cache/firebase/emulators/ui-v1.11.7/server/server.js"],"optionalArgs":[],"joinArgs":false} {"metadata":{"emulator":{"name":"ui"},"message":"Starting Emulator UI with command {\"binary\":\"node\",\"args\":[\"/Users/bkeane/.cache/firebase/emulators/ui-v1.11.7/server/server.js\"],\"optionalArgs\":[],\"joinArgs\":false}"}}
[info] i  ui: Emulator UI logging to ui-debug.log {"metadata":{"emulator":{"name":"ui"},"message":"Emulator UI logging to \u001b[1mui-debug.log\u001b[22m"}}
[debug] [2023-11-18T12:02:10.808Z] Web / API server started at 127.0.0.1:4000
 {"metadata":{"emulator":{"name":"ui"},"message":"Web / API server started at 127.0.0.1:4000\n"}}
[debug] [2023-11-18T12:02:10.808Z] Web / API server started at ::1:4000
 {"metadata":{"emulator":{"name":"ui"},"message":"Web / API server started at ::1:4000\n"}}
[info] 
┌─────────────────────────────────────────────────────────────┐
│ ✔  All emulators ready! It is now safe to connect your app. │
│ i  View Emulator UI at http://127.0.0.1:4000/               │
└─────────────────────────────────────────────────────────────┘

┌───────────┬────────────────┬─────────────────────────────────┐
│ Emulator  │ Host:Port      │ View in Emulator UI             │
├───────────┼────────────────┼─────────────────────────────────┤
│ Firestore │ 127.0.0.1:8080 │ http://127.0.0.1:4000/firestore │
├───────────┼────────────────┼─────────────────────────────────┤
│ Hosting   │ 127.0.0.1:5002 │ n/a                             │
└───────────┴────────────────┴─────────────────────────────────┘
  Emulator Hub running at 127.0.0.1:4400
  Other reserved ports: 4500, 9150

Issues? Report them at https://github.com/firebase/firebase-tools/issues and attach the *-debug.log files.
 
[debug] [2023-11-18T12:02:21.150Z] Nov 18, 2023 12:02:21 P.M. com.google.cloud.datastore.emulator.firestore.websocket.WebSocketChannelHandler initChannel
INFO: Connected to new websocket client
 {"metadata":{"emulator":{"name":"firestore"},"message":"Nov 18, 2023 12:02:21 P.M. com.google.cloud.datastore.emulator.firestore.websocket.WebSocketChannelHandler initChannel\nINFO: Connected to new websocket client\n"}}
[debug] [2023-11-18T12:02:21.153Z] Nov 18, 2023 12:02:21 P.M. io.gapi.emulators.netty.HttpVersionRoutingHandler channelRead
INFO: Detected non-HTTP/2 connection.
 {"metadata":{"emulator":{"name":"firestore"},"message":"Nov 18, 2023 12:02:21 P.M. io.gapi.emulators.netty.HttpVersionRoutingHandler channelRead\nINFO: Detected non-HTTP/2 connection.\n"}}
[debug] [2023-11-18T12:02:21.247Z] Nov 18, 2023 12:02:21 P.M. io.gapi.emulators.netty.HttpVersionRoutingHandler channelRead
INFO: Detected HTTP/2 connection.
 {"metadata":{"emulator":{"name":"firestore"},"message":"Nov 18, 2023 12:02:21 P.M. io.gapi.emulators.netty.HttpVersionRoutingHandler channelRead\nINFO: Detected HTTP/2 connection.\n"}}
[debug] [2023-11-18T12:02:28.036Z] Nov 18, 2023 12:02:28 P.M. com.google.cloud.datastore.emulator.firestore.websocket.WebSocketChannelHandler channelClosed
INFO: Websocket client disconnected
 {"metadata":{"emulator":{"name":"firestore"},"message":"Nov 18, 2023 12:02:28 P.M. com.google.cloud.datastore.emulator.firestore.websocket.WebSocketChannelHandler channelClosed\nINFO: Websocket client disconnected\n"}}
[debug] [2023-11-18T12:02:32.132Z] Nov 18, 2023 12:02:32 P.M. com.google.cloud.datastore.emulator.firestore.websocket.WebSocketChannelHandler initChannel
INFO: Connected to new websocket client
 {"metadata":{"emulator":{"name":"firestore"},"message":"Nov 18, 2023 12:02:32 P.M. com.google.cloud.datastore.emulator.firestore.websocket.WebSocketChannelHandler initChannel\nINFO: Connected to new websocket client\n"}}
[debug] [2023-11-18T12:02:35.893Z] Nov 18, 2023 12:02:35 P.M. com.google.cloud.datastore.emulator.firestore.websocket.WebSocketChannelHandler channelClosed
INFO: Websocket client disconnected
 {"metadata":{"emulator":{"name":"firestore"},"message":"Nov 18, 2023 12:02:35 P.M. com.google.cloud.datastore.emulator.firestore.websocket.WebSocketChannelHandler channelClosed\nINFO: Websocket client disconnected\n"}}
